<?xml version="1.0" encoding="UTF-8"?>
<testng-results ignored="0" total="1" passed="1" failed="0" skipped="0">
  <reporter-output>
    <line>
      <![CDATA[Opening Browser]]>
    </line>
    <line>
      <![CDATA[Login To the Application]]>
    </line>
    <line>
      <![CDATA[Create Patient]]>
    </line>
    <line>
      <![CDATA[Logged out of the Application]]>
    </line>
    <line>
      <![CDATA[Closeing Browser]]>
    </line>
  </reporter-output>
  <suite started-at="2026-06-04T09:12:40 IST" name="Suite" finished-at="2026-06-04T09:12:47 IST" duration-ms="6886">
    <groups>
    </groups>
    <test started-at="2026-06-04T09:12:40 IST" name="Test" finished-at="2026-06-04T09:12:47 IST" duration-ms="6886">
      <class name="com.hms.testscript.DoctorsModule">
        <test-method is-config="true" signature="openBrowser()[pri:0, instance:com.hms.testscript.DoctorsModule@27ae2fd0]" started-at="2026-06-04T09:12:40 IST" name="openBrowser" finished-at="2026-06-04T09:12:42 IST" duration-ms="2661" status="PASS">
          <reporter-output>
            <line>
              <![CDATA[Opening Browser]]>
            </line>
          </reporter-output>
        </test-method> <!-- openBrowser -->
        <test-method is-config="true" signature="login()[pri:0, instance:com.hms.testscript.DoctorsModule@27ae2fd0]" started-at="2026-06-04T09:12:42 IST" name="login" finished-at="2026-06-04T09:12:43 IST" duration-ms="740" status="PASS">
          <reporter-output>
            <line>
              <![CDATA[Login To the Application]]>
            </line>
          </reporter-output>
        </test-method> <!-- login -->
        <test-method signature="testCreatePatient()[pri:0, instance:com.hms.testscript.DoctorsModule@27ae2fd0]" started-at="2026-06-04T09:12:43 IST" name="testCreatePatient" finished-at="2026-06-04T09:12:46 IST" duration-ms="3022" status="PASS">
          <reporter-output>
            <line>
              <![CDATA[Create Patient]]>
            </line>
          </reporter-output>
        </test-method> <!-- testCreatePatient -->
        <test-method is-config="true" signature="logout()[pri:0, instance:com.hms.testscript.DoctorsModule@27ae2fd0]" started-at="2026-06-04T09:12:46 IST" name="logout" finished-at="2026-06-04T09:12:46 IST" duration-ms="183" status="PASS">
          <reporter-output>
            <line>
              <![CDATA[Logged out of the Application]]>
            </line>
          </reporter-output>
        </test-method> <!-- logout -->
        <test-method is-config="true" signature="closeBrowser()[pri:0, instance:com.hms.testscript.DoctorsModule@27ae2fd0]" started-at="2026-06-04T09:12:46 IST" name="closeBrowser" finished-at="2026-06-04T09:12:47 IST" duration-ms="186" status="PASS">
          <reporter-output>
            <line>
              <![CDATA[Closeing Browser]]>
            </line>
          </reporter-output>
        </test-method> <!-- closeBrowser -->
      </class> <!-- com.hms.testscript.DoctorsModule -->
    </test> <!-- Test -->
  </suite> <!-- Suite -->
</testng-results>
