<?xml version="1.0" encoding="UTF-8"?>
<!-- Generated by org.testng.reporters.JUnitReportReporter -->
<testsuite hostname="KodingTree" failures="0" tests="1" name="com.hms.testscript.NurseModule" time="0.028" errors="0" timestamp="2026-06-05T09:20:12 IST" skipped="0">
  <testcase classname="com.hms.testscript.NurseModule" name="testCreateNurse" time="0.028">
    <system-out>
      <![CDATA[create nurse]]>
    </system-out>
  </testcase> <!-- testCreateNurse -->
  <system-out>
    <![CDATA[create nurse]]>
  </system-out>
</testsuite> <!-- com.hms.testscript.NurseModule -->
