<?xml version="1.0" encoding="UTF-8"?>
<!-- Generated by org.testng.reporters.JUnitReportReporter -->
<testsuite hostname="KodingTree" failures="0" tests="1" name="com.hms.testscript.DoctorsModule" time="11.902" errors="0" timestamp="2026-06-05T08:20:45 IST" skipped="0">
  <testcase classname="com.hms.testscript.DoctorsModule" name="testCreatePatient" time="11.902">
    <system-out>
      <![CDATA[Create Patient]]>
    </system-out>
  </testcase> <!-- testCreatePatient -->
  <system-out>
    <![CDATA[Opening Browser
Login To the Application
Create Patient
Logged out of the Application
Closeing Browser]]>
  </system-out>
</testsuite> <!-- com.hms.testscript.DoctorsModule -->
