<?xml version="1.0" encoding="UTF-8"?>
<testng-results ignored="0" total="1" passed="1" failed="0" skipped="0">
  <reporter-output>
    <line>
      <![CDATA[Opening Browser]]>
    </line>
    <line>
      <![CDATA[Login To the Application]]>
    </line>
    <line>
      <![CDATA[Create Patient]]>
    </line>
    <line>
      <![CDATA[Logged out of the Application]]>
    </line>
    <line>
      <![CDATA[Closeing Browser]]>
    </line>
  </reporter-output>
  <suite started-at="2026-06-08T08:37:14 IST" name="Default suite" finished-at="2026-06-08T08:37:35 IST" duration-ms="20403">
    <groups>
    </groups>
    <test started-at="2026-06-08T08:37:14 IST" name="Default test" finished-at="2026-06-08T08:37:35 IST" duration-ms="20403">
      <class name="com.hms.testscript.DoctorsModule">
        <test-method is-config="true" signature="openBrowser()[pri:0, instance:com.hms.testscript.DoctorsModule@158da8e]" started-at="2026-06-08T08:37:14 IST" name="openBrowser" finished-at="2026-06-08T08:37:24 IST" duration-ms="9794" status="PASS">
          <reporter-output>
            <line>
              <![CDATA[Opening Browser]]>
            </line>
          </reporter-output>
        </test-method> <!-- openBrowser -->
        <test-method is-config="true" signature="login()[pri:0, instance:com.hms.testscript.DoctorsModule@158da8e]" started-at="2026-06-08T08:37:24 IST" name="login" finished-at="2026-06-08T08:37:25 IST" duration-ms="692" status="PASS">
          <reporter-output>
            <line>
              <![CDATA[Login To the Application]]>
            </line>
          </reporter-output>
        </test-method> <!-- login -->
        <test-method signature="testCreatePatient()[pri:0, instance:com.hms.testscript.DoctorsModule@158da8e]" started-at="2026-06-08T08:37:25 IST" name="testCreatePatient" finished-at="2026-06-08T08:37:34 IST" duration-ms="9021" status="PASS">
          <reporter-output>
            <line>
              <![CDATA[Create Patient]]>
            </line>
          </reporter-output>
        </test-method> <!-- testCreatePatient -->
        <test-method is-config="true" signature="logout()[pri:0, instance:com.hms.testscript.DoctorsModule@158da8e]" started-at="2026-06-08T08:37:34 IST" name="logout" finished-at="2026-06-08T08:37:34 IST" duration-ms="346" status="PASS">
          <reporter-output>
            <line>
              <![CDATA[Logged out of the Application]]>
            </line>
          </reporter-output>
        </test-method> <!-- logout -->
        <test-method is-config="true" signature="closeBrowser()[pri:0, instance:com.hms.testscript.DoctorsModule@158da8e]" started-at="2026-06-08T08:37:34 IST" name="closeBrowser" finished-at="2026-06-08T08:37:35 IST" duration-ms="463" status="PASS">
          <reporter-output>
            <line>
              <![CDATA[Closeing Browser]]>
            </line>
          </reporter-output>
        </test-method> <!-- closeBrowser -->
      </class> <!-- com.hms.testscript.DoctorsModule -->
    </test> <!-- Default test -->
  </suite> <!-- Default suite -->
</testng-results>
